2024-11-18 14:00:08.960 [main] INFO  c.b.u.UserServiceApplication - Starting UserServiceApplication using Java 21.0.4 with PID 21080 (C:\Users\user\Documents\GitHub\user_service\build\classes\java\main started by user in C:\Users\user\Documents\GitHub\user_service)
2024-11-18 14:00:08.969 [main] DEBUG c.b.u.UserServiceApplication - Running with Spring Boot v3.1.5, Spring v6.0.13
2024-11-18 14:00:08.970 [main] INFO  c.b.u.UserServiceApplication - No active profile set, falling back to 1 default profile: "default"
2024-11-18 14:00:09.746 [main] INFO  o.s.d.r.c.RepositoryConfigurationDelegate - Bootstrapping Spring Data JPA repositories in DEFAULT mode.
2024-11-18 14:00:09.800 [main] INFO  o.s.d.r.c.RepositoryConfigurationDelegate - Finished Spring Data repository scanning in 48 ms. Found 4 JPA repository interfaces.
2024-11-18 14:00:10.438 [main] INFO  o.s.b.w.e.tomcat.TomcatWebServer - Tomcat initialized with port(s): 8085 (http)
2024-11-18 14:00:10.446 [main] INFO  o.a.catalina.core.StandardService - Starting service [Tomcat]
2024-11-18 14:00:10.446 [main] INFO  o.a.catalina.core.StandardEngine - Starting Servlet engine: [Apache Tomcat/10.1.15]
2024-11-18 14:00:10.544 [main] INFO  o.a.c.c.C.[.[localhost].[/api] - Initializing Spring embedded WebApplicationContext
2024-11-18 14:00:10.544 [main] INFO  o.s.b.w.s.c.ServletWebServerApplicationContext - Root WebApplicationContext: initialization completed in 1522 ms
2024-11-18 14:00:10.746 [main] INFO  o.h.jpa.internal.util.LogHelper - HHH000204: Processing PersistenceUnitInfo [name: default]
2024-11-18 14:00:10.818 [main] INFO  org.hibernate.Version - HHH000412: Hibernate ORM core version 6.2.13.Final
2024-11-18 14:00:10.820 [main] INFO  org.hibernate.cfg.Environment - HHH000406: Using bytecode reflection optimizer
2024-11-18 14:00:11.144 [main] INFO  o.s.o.j.p.SpringPersistenceUnitInfo - No LoadTimeWeaver setup: ignoring JPA class transformer
2024-11-18 14:00:11.177 [main] INFO  com.zaxxer.hikari.HikariDataSource - HikariPool-1 - Starting...
2024-11-18 14:00:11.316 [main] INFO  com.zaxxer.hikari.pool.HikariPool - HikariPool-1 - Added connection com.mysql.cj.jdbc.ConnectionImpl@5a48d186
2024-11-18 14:00:11.318 [main] INFO  com.zaxxer.hikari.HikariDataSource - HikariPool-1 - Start completed.
2024-11-18 14:00:11.373 [main] WARN  org.hibernate.orm.deprecation - HHH90000025: MySQL8Dialect does not need to be specified explicitly using 'hibernate.dialect' (remove the property setting and it will be selected by default)
2024-11-18 14:00:11.374 [main] WARN  org.hibernate.orm.deprecation - HHH90000026: MySQL8Dialect has been deprecated; use org.hibernate.dialect.MySQLDialect instead
2024-11-18 14:00:12.177 [main] INFO  o.h.e.t.j.p.i.JtaPlatformInitiator - HHH000489: No JTA platform available (set 'hibernate.transaction.jta.platform' to enable JTA platform integration)
2024-11-18 14:00:12.195 [main] DEBUG org.hibernate.SQL - 
    alter table borrow_bank_accounts 
       drop 
       foreign key FKpckw6nvnpcajmy4u470tbejhg
2024-11-18 14:00:12.243 [main] DEBUG org.hibernate.SQL - 
    alter table invest_bank_accounts 
       drop 
       foreign key FK509tn5jax7ho64hy5wggh2d5q
2024-11-18 14:00:12.257 [main] DEBUG org.hibernate.SQL - 
    drop table if exists borrow_bank_accounts
2024-11-18 14:00:12.275 [main] DEBUG org.hibernate.SQL - 
    drop table if exists invest_bank_accounts
2024-11-18 14:00:12.286 [main] DEBUG org.hibernate.SQL - 
    drop table if exists user_borrow
2024-11-18 14:00:12.300 [main] DEBUG org.hibernate.SQL - 
    drop table if exists user_invest
2024-11-18 14:00:12.321 [main] DEBUG org.hibernate.SQL - 
    create table borrow_bank_accounts (
        is_deleted bit not null,
        created_at datetime(6),
        id bigint not null auto_increment,
        updated_at datetime(6),
        user_borrow_id bigint,
        account_holder varchar(255) not null,
        account_number varchar(255) not null,
        bank_name varchar(255) not null,
        primary key (id)
    ) engine=InnoDB
2024-11-18 14:00:12.338 [main] DEBUG org.hibernate.SQL - 
    create table invest_bank_accounts (
        is_deleted bit not null,
        created_at datetime(6),
        id bigint not null auto_increment,
        updated_at datetime(6),
        user_invest_id bigint,
        account_holder varchar(255) not null,
        account_number varchar(255) not null,
        bank_name varchar(255) not null,
        primary key (id)
    ) engine=InnoDB
2024-11-18 14:00:12.353 [main] DEBUG org.hibernate.SQL - 
    create table user_borrow (
        credit_rating integer,
        credit_rating_date date,
        created_at datetime(6),
        updated_at datetime(6),
        user_borrow_id bigint not null auto_increment,
        phone varchar(15) not null,
        password varchar(60) not null,
        email varchar(255) not null,
        user_name varchar(255),
        primary key (user_borrow_id)
    ) engine=InnoDB
2024-11-18 14:00:12.368 [main] DEBUG org.hibernate.SQL - 
    create table user_invest (
        created_at datetime(6),
        updated_at datetime(6),
        user_investor_id bigint not null auto_increment,
        investment_grade varchar(10) not null,
        phone varchar(20) not null,
        password varchar(60) not null,
        email varchar(255) not null,
        user_name varchar(255),
        primary key (user_investor_id)
    ) engine=InnoDB
2024-11-18 14:00:12.382 [main] DEBUG org.hibernate.SQL - 
    alter table user_borrow 
       add constraint UK_qx40i2rcv3ai102mblijmj6xo unique (email)
2024-11-18 14:00:12.395 [main] DEBUG org.hibernate.SQL - 
    alter table user_invest 
       add constraint UK_n69s10naw3ddbvc001iaiti07 unique (email)
2024-11-18 14:00:12.427 [main] DEBUG org.hibernate.SQL - 
    alter table borrow_bank_accounts 
       add constraint FKpckw6nvnpcajmy4u470tbejhg 
       foreign key (user_borrow_id) 
       references user_borrow (user_borrow_id)
2024-11-18 14:00:12.472 [main] DEBUG org.hibernate.SQL - 
    alter table invest_bank_accounts 
       add constraint FK509tn5jax7ho64hy5wggh2d5q 
       foreign key (user_invest_id) 
       references user_invest (user_investor_id)
2024-11-18 14:00:12.511 [main] INFO  o.s.o.j.LocalContainerEntityManagerFactoryBean - Initialized JPA EntityManagerFactory for persistence unit 'default'
2024-11-18 14:00:13.185 [main] WARN  o.s.b.a.s.s.UserDetailsServiceAutoConfiguration - 

Using generated security password: 2bfeb5be-9dd5-4b25-b9db-1456d1f07c4b

This generated password is for development use only. Your security configuration must be updated before running your application in production.

2024-11-18 14:00:13.292 [main] INFO  o.s.s.web.DefaultSecurityFilterChain - Will secure any request with [org.springframework.security.web.session.DisableEncodeUrlFilter@20e9b10b, org.springframework.security.web.context.request.async.WebAsyncManagerIntegrationFilter@2c485b3a, org.springframework.security.web.context.SecurityContextHolderFilter@13e5c53c, org.springframework.security.web.header.HeaderWriterFilter@4f2a9903, org.springframework.security.web.authentication.logout.LogoutFilter@192aeae2, org.springframework.security.web.savedrequest.RequestCacheAwareFilter@17f7a1af, org.springframework.security.web.servletapi.SecurityContextHolderAwareRequestFilter@5978ba12, org.springframework.security.web.authentication.AnonymousAuthenticationFilter@4a00d591, org.springframework.security.web.session.SessionManagementFilter@e280006, org.springframework.security.web.access.ExceptionTranslationFilter@520eb9f8, org.springframework.security.web.access.intercept.AuthorizationFilter@1d722bff]
2024-11-18 14:00:13.760 [main] INFO  o.s.b.w.e.tomcat.TomcatWebServer - Tomcat started on port(s): 8085 (http) with context path '/api'
2024-11-18 14:00:13.767 [main] INFO  c.b.u.UserServiceApplication - Started UserServiceApplication in 5.264 seconds (process running for 5.642)
